<?xml version="1.0" encoding="UTF-8"?>
<!-- Generated by org.testng.reporters.JUnitReportReporter -->
<testsuite hostname="PL-AU-PF3Z6R40" failures="0" tests="2" name="api.GetApiForToy" time="1.210" errors="0" timestamp="2022-10-06T12:06:30 AEDT" skipped="0">
  <testcase classname="api.GetApiForToy" name="getAccessToken" time="0.769"/>
  <system-out/>
  <testcase classname="api.GetApiForToy" name="getApiForToy" time="0.441"/>
  <system-out/>
</testsuite> <!-- api.GetApiForToy -->
