<?xml version="1.0" encoding="UTF-8"?>
<!-- Generated by org.testng.reporters.JUnitReportReporter -->
<testsuite hostname="PL-AU-PF3Z6R40" failures="0" tests="1" name="api.AccessToken" time="6.002" errors="0" timestamp="2022-10-06T12:06:30 AEDT" skipped="0">
  <testcase classname="api.AccessToken" name="getAccessToken" time="6.002"/>
  <system-out/>
</testsuite> <!-- api.AccessToken -->
