<?xml version="1.0" encoding="UTF-8"?>
<!-- Generated by org.testng.reporters.JUnitReportReporter -->
<testsuite hostname="PL-AU-PF3Z6R40" failures="0" tests="2" name="api.ValidatingAuthenticationStatus" time="5.551" errors="0" timestamp="2022-10-05T22:00:33 AEDT" skipped="0">
  <testcase classname="api.ValidatingAuthenticationStatus" name="httpPostMethod" time="0.909"/>
  <system-out/>
  <testcase classname="api.ValidatingAuthenticationStatus" name="getAccessToken" time="4.642"/>
  <system-out/>
</testsuite> <!-- api.ValidatingAuthenticationStatus -->
