<?xml version="1.0" encoding="UTF-8"?>
<!-- Generated by org.testng.reporters.JUnitReportReporter -->
<testsuite hostname="PL-AU-PF3Z6R40" failures="0" tests="5" name="api.PostApiForNewToy" time="6.583" errors="0" timestamp="2022-10-06T22:49:50 AEDT" skipped="0">
  <testcase classname="api.PostApiForNewToy" name="getAccessToken" time="4.867"/>
  <system-out/>
  <testcase classname="api.PostApiForNewToy" name="createNewToy" time="1.366"/>
  <system-out/>
  <testcase classname="api.PostApiForNewToy" name="getNewToyDetails" time="0.117"/>
  <system-out/>
  <testcase classname="api.PostApiForNewToy" name="patchingToyPrice" time="0.151"/>
  <system-out/>
  <testcase classname="api.PostApiForNewToy" name="deleteCreatedToy" time="0.082"/>
  <system-out/>
</testsuite> <!-- api.PostApiForNewToy -->
