<?xml version="1.0" encoding="UTF-8"?>
<!-- Generated by org.testng.reporters.JUnitReportReporter -->
<testsuite hostname="PL-AU-PF3Z6R40" failures="0" tests="2" name="api.GetApiForNewToy" time="5.142" errors="0" timestamp="2022-10-06T21:10:11 AEDT" skipped="0">
  <testcase classname="api.GetApiForNewToy" name="getAccessToken" time="5.050"/>
  <system-out/>
  <testcase classname="api.GetApiForNewToy" name="getNewToyDetails" time="0.092"/>
  <system-out/>
</testsuite> <!-- api.GetApiForNewToy -->
